<?xml version="1.0" encoding="UTF-8"?>
<testsuite name="fr.r402.StatistiqueVoitureTest" tests="4" skipped="0" failures="0" errors="0" timestamp="2024-06-17T11:57:33" hostname="einfolearning" time="0.022">
  <properties/>
  <testcase name="testPrixAvecRemiseMaximale()" classname="fr.r402.StatistiqueVoitureTest" time="0.017"/>
  <testcase name="testAjouterVoitureNull()" classname="fr.r402.StatistiqueVoitureTest" time="0.001"/>
  <testcase name="testPrixSansVoiture()" classname="fr.r402.StatistiqueVoitureTest" time="0.001"/>
  <testcase name="testAjouterEtPrix()" classname="fr.r402.StatistiqueVoitureTest" time="0.001"/>
  <system-out><![CDATA[Ajout de 25 voitures avec un prix de 10000 chacune...
Prix total attendu (avec remise maximale) : 230000
Prix total calculé : 230000
Tester le calcul du prix sans aucune voiture ajoutée...
Exception ArithmeticException attendue et capturée.
Voitures ajoutées :
Toyota - 15000
Honda - 20000
Ford - 18000
BMW - 25000
Audi - 30000
Prix total attendu : 102600
Prix total calculé : 102600
]]></system-out>
  <system-err><![CDATA[]]></system-err>
</testsuite>
