<?xml version="1.0" encoding="UTF-8"?>
<testsuite name="VoitureTest" tests="5" skipped="0" failures="0" errors="0" timestamp="2024-06-10T14:53:30" hostname="einfolearning" time="0.008">
  <properties/>
  <testcase name="testToString()" classname="VoitureTest" time="0.005"/>
  <testcase name="testGetPrix()" classname="VoitureTest" time="0.001"/>
  <testcase name="testSetMarque()" classname="VoitureTest" time="0.001"/>
  <testcase name="testGetMarque()" classname="VoitureTest" time="0.0"/>
  <testcase name="testSetPrix()" classname="VoitureTest" time="0.0"/>
  <system-out><![CDATA[]]></system-out>
  <system-err><![CDATA[]]></system-err>
</testsuite>
