<?xml version="1.0" encoding="UTF-8"?>
<testsuite name="fr.r402.VoitureTest" tests="5" skipped="0" failures="0" errors="0" timestamp="2024-06-17T11:57:33" hostname="einfolearning" time="0.006">
  <properties/>
  <testcase name="testToString()" classname="fr.r402.VoitureTest" time="0.004"/>
  <testcase name="testGetPrix()" classname="fr.r402.VoitureTest" time="0.0"/>
  <testcase name="testSetMarque()" classname="fr.r402.VoitureTest" time="0.0"/>
  <testcase name="testGetMarque()" classname="fr.r402.VoitureTest" time="0.001"/>
  <testcase name="testSetPrix()" classname="fr.r402.VoitureTest" time="0.0"/>
  <system-out><![CDATA[]]></system-out>
  <system-err><![CDATA[]]></system-err>
</testsuite>
